<?xml version="1.0" encoding="UTF-8"?>
<testng-results skipped="0" failed="0" ignored="0" total="2" passed="2">
  <reporter-output>
  </reporter-output>
  <suite name="Default suite" duration-ms="25938" started-at="2019-12-23T11:55:15 IST" finished-at="2019-12-23T11:55:41 IST">
    <groups>
    </groups>
    <test name="Default test" duration-ms="25938" started-at="2019-12-23T11:55:15 IST" finished-at="2019-12-23T11:55:41 IST">
      <class name="DEMOTEST.Worstdemo">
        <test-method status="PASS" signature="twitterlogin(java.lang.String)[pri:0, instance:DEMOTEST.Worstdemo@527740a2]" name="twitterlogin" duration-ms="15814" started-at="2019-12-23T11:55:25 IST" finished-at="2019-12-23T11:55:41 IST">
          <params>
            <param index="0">
              <value>
                <![CDATA[https://twitter.com/login?lang=en]]>
              </value>
            </param>
          </params>
          <reporter-output>
          </reporter-output>
        </test-method> <!-- twitterlogin -->
      </class> <!-- DEMOTEST.Worstdemo -->
      <class name="DEMOTEST.ParameterPractice">
        <test-method status="PASS" signature="yahoologin(java.lang.String)[pri:0, instance:DEMOTEST.ParameterPractice@6d7b4f4c]" name="yahoologin" duration-ms="9980" started-at="2019-12-23T11:55:15 IST" finished-at="2019-12-23T11:55:25 IST">
          <params>
            <param index="0">
              <value>
                <![CDATA[https://twitter.com/login?lang=en]]>
              </value>
            </param>
          </params>
          <reporter-output>
          </reporter-output>
        </test-method> <!-- yahoologin -->
      </class> <!-- DEMOTEST.ParameterPractice -->
    </test> <!-- Default test -->
  </suite> <!-- Default suite -->
</testng-results>
